ERROR - 2023-04-15 22:33:24 --> Error connecting to the database: mysqli_sql_exception: Unknown database 'clients_ci4' in C:\xampp\htdocs\BASIC_CRUD_2_API_REST_CODEIGNITER\system\Database\MySQLi\Connection.php:173
Stack trace:
#0 C:\xampp\htdocs\BASIC_CRUD_2_API_REST_CODEIGNITER\system\Database\MySQLi\Connection.php(173): mysqli->real_connect('localhost', 'root', Object(SensitiveParameterValue), 'clients_ci4', 3306, '', 0)
#1 C:\xampp\htdocs\BASIC_CRUD_2_API_REST_CODEIGNITER\system\Database\BaseConnection.php(391): CodeIgniter\Database\MySQLi\Connection->connect(false)
#2 C:\xampp\htdocs\BASIC_CRUD_2_API_REST_CODEIGNITER\system\Database\BaseConnection.php(573): CodeIgniter\Database\BaseConnection->initialize()
#3 C:\xampp\htdocs\BASIC_CRUD_2_API_REST_CODEIGNITER\system\Database\BaseBuilder.php(1616): CodeIgniter\Database\BaseConnection->query('SELECT *\nFROM `...', Array, false)
#4 C:\xampp\htdocs\BASIC_CRUD_2_API_REST_CODEIGNITER\system\Model.php(241): CodeIgniter\Database\BaseBuilder->get()
#5 C:\xampp\htdocs\BASIC_CRUD_2_API_REST_CODEIGNITER\system\BaseModel.php(618): CodeIgniter\Model->doFindAll(0, 0)
#6 C:\xampp\htdocs\BASIC_CRUD_2_API_REST_CODEIGNITER\app\Controllers\API\ClientController.php(16): CodeIgniter\BaseModel->findAll()
#7 C:\xampp\htdocs\BASIC_CRUD_2_API_REST_CODEIGNITER\system\CodeIgniter.php(934): App\Controllers\API\ClientController->index()
#8 C:\xampp\htdocs\BASIC_CRUD_2_API_REST_CODEIGNITER\system\CodeIgniter.php(499): CodeIgniter\CodeIgniter->runController(Object(App\Controllers\API\ClientController))
#9 C:\xampp\htdocs\BASIC_CRUD_2_API_REST_CODEIGNITER\system\CodeIgniter.php(368): CodeIgniter\CodeIgniter->handleRequest(NULL, Object(Config\Cache), false)
#10 C:\xampp\htdocs\BASIC_CRUD_2_API_REST_CODEIGNITER\public\index.php(67): CodeIgniter\CodeIgniter->run()
#11 {main}

Next CodeIgniter\Database\Exceptions\DatabaseException: Unknown database 'clients_ci4' in C:\xampp\htdocs\BASIC_CRUD_2_API_REST_CODEIGNITER\system\Database\MySQLi\Connection.php:218
Stack trace:
#0 C:\xampp\htdocs\BASIC_CRUD_2_API_REST_CODEIGNITER\system\Database\BaseConnection.php(391): CodeIgniter\Database\MySQLi\Connection->connect(false)
#1 C:\xampp\htdocs\BASIC_CRUD_2_API_REST_CODEIGNITER\system\Database\BaseConnection.php(573): CodeIgniter\Database\BaseConnection->initialize()
#2 C:\xampp\htdocs\BASIC_CRUD_2_API_REST_CODEIGNITER\system\Database\BaseBuilder.php(1616): CodeIgniter\Database\BaseConnection->query('SELECT *\nFROM `...', Array, false)
#3 C:\xampp\htdocs\BASIC_CRUD_2_API_REST_CODEIGNITER\system\Model.php(241): CodeIgniter\Database\BaseBuilder->get()
#4 C:\xampp\htdocs\BASIC_CRUD_2_API_REST_CODEIGNITER\system\BaseModel.php(618): CodeIgniter\Model->doFindAll(0, 0)
#5 C:\xampp\htdocs\BASIC_CRUD_2_API_REST_CODEIGNITER\app\Controllers\API\ClientController.php(16): CodeIgniter\BaseModel->findAll()
#6 C:\xampp\htdocs\BASIC_CRUD_2_API_REST_CODEIGNITER\system\CodeIgniter.php(934): App\Controllers\API\ClientController->index()
#7 C:\xampp\htdocs\BASIC_CRUD_2_API_REST_CODEIGNITER\system\CodeIgniter.php(499): CodeIgniter\CodeIgniter->runController(Object(App\Controllers\API\ClientController))
#8 C:\xampp\htdocs\BASIC_CRUD_2_API_REST_CODEIGNITER\system\CodeIgniter.php(368): CodeIgniter\CodeIgniter->handleRequest(NULL, Object(Config\Cache), false)
#9 C:\xampp\htdocs\BASIC_CRUD_2_API_REST_CODEIGNITER\public\index.php(67): CodeIgniter\CodeIgniter->run()
#10 {main}
CRITICAL - 2023-04-15 22:33:24 --> Unable to connect to the database.
Main connection [MySQLi]: Unknown database 'clients_ci4'
in SYSTEMPATH\Database\BaseConnection.php on line 427.
 1 SYSTEMPATH\Database\BaseConnection.php(573): CodeIgniter\Database\BaseConnection->initialize()
 2 SYSTEMPATH\Database\BaseBuilder.php(1616): CodeIgniter\Database\BaseConnection->query('SELECT *
FROM `client`', [], false)
 3 SYSTEMPATH\Model.php(241): CodeIgniter\Database\BaseBuilder->get()
 4 SYSTEMPATH\BaseModel.php(618): CodeIgniter\Model->doFindAll(0, 0)
 5 APPPATH\Controllers\API\ClientController.php(16): CodeIgniter\BaseModel->findAll()
 6 SYSTEMPATH\CodeIgniter.php(934): App\Controllers\API\ClientController->index()
 7 SYSTEMPATH\CodeIgniter.php(499): CodeIgniter\CodeIgniter->runController(Object(App\Controllers\API\ClientController))
 8 SYSTEMPATH\CodeIgniter.php(368): CodeIgniter\CodeIgniter->handleRequest(null, Object(Config\Cache), false)
 9 FCPATH\index.php(67): CodeIgniter\CodeIgniter->run()
ERROR - 2023-04-15 22:45:08 --> mysqli_sql_exception: Table 'clients_ci4.client' doesn't exist in C:\xampp\htdocs\BASIC_CRUD_2_API_REST_CODEIGNITER\system\Database\MySQLi\Connection.php:295
Stack trace:
#0 C:\xampp\htdocs\BASIC_CRUD_2_API_REST_CODEIGNITER\system\Database\MySQLi\Connection.php(295): mysqli->query('SELECT *\nFROM `...', 0)
#1 C:\xampp\htdocs\BASIC_CRUD_2_API_REST_CODEIGNITER\system\Database\BaseConnection.php(691): CodeIgniter\Database\MySQLi\Connection->execute('SELECT *\nFROM `...')
#2 C:\xampp\htdocs\BASIC_CRUD_2_API_REST_CODEIGNITER\system\Database\BaseConnection.php(605): CodeIgniter\Database\BaseConnection->simpleQuery('SELECT *\nFROM `...')
#3 C:\xampp\htdocs\BASIC_CRUD_2_API_REST_CODEIGNITER\system\Database\BaseBuilder.php(1616): CodeIgniter\Database\BaseConnection->query('SELECT *\nFROM `...', Array, false)
#4 C:\xampp\htdocs\BASIC_CRUD_2_API_REST_CODEIGNITER\system\Model.php(241): CodeIgniter\Database\BaseBuilder->get()
#5 C:\xampp\htdocs\BASIC_CRUD_2_API_REST_CODEIGNITER\system\BaseModel.php(618): CodeIgniter\Model->doFindAll(0, 0)
#6 C:\xampp\htdocs\BASIC_CRUD_2_API_REST_CODEIGNITER\app\Controllers\API\ClientController.php(16): CodeIgniter\BaseModel->findAll()
#7 C:\xampp\htdocs\BASIC_CRUD_2_API_REST_CODEIGNITER\system\CodeIgniter.php(934): App\Controllers\API\ClientController->index()
#8 C:\xampp\htdocs\BASIC_CRUD_2_API_REST_CODEIGNITER\system\CodeIgniter.php(499): CodeIgniter\CodeIgniter->runController(Object(App\Controllers\API\ClientController))
#9 C:\xampp\htdocs\BASIC_CRUD_2_API_REST_CODEIGNITER\system\CodeIgniter.php(368): CodeIgniter\CodeIgniter->handleRequest(NULL, Object(Config\Cache), false)
#10 C:\xampp\htdocs\BASIC_CRUD_2_API_REST_CODEIGNITER\public\index.php(67): CodeIgniter\CodeIgniter->run()
#11 {main}
CRITICAL - 2023-04-15 22:45:08 --> Table 'clients_ci4.client' doesn't exist
in SYSTEMPATH\Database\MySQLi\Connection.php on line 295.
 1 SYSTEMPATH\Database\MySQLi\Connection.php(295): mysqli->query('SELECT *
FROM `client`', 0)
 2 SYSTEMPATH\Database\BaseConnection.php(691): CodeIgniter\Database\MySQLi\Connection->execute('SELECT *
FROM `client`')
 3 SYSTEMPATH\Database\BaseConnection.php(605): CodeIgniter\Database\BaseConnection->simpleQuery('SELECT *
FROM `client`')
 4 SYSTEMPATH\Database\BaseBuilder.php(1616): CodeIgniter\Database\BaseConnection->query('SELECT *
FROM `client`', [], false)
 5 SYSTEMPATH\Model.php(241): CodeIgniter\Database\BaseBuilder->get()
 6 SYSTEMPATH\BaseModel.php(618): CodeIgniter\Model->doFindAll(0, 0)
 7 APPPATH\Controllers\API\ClientController.php(16): CodeIgniter\BaseModel->findAll()
 8 SYSTEMPATH\CodeIgniter.php(934): App\Controllers\API\ClientController->index()
 9 SYSTEMPATH\CodeIgniter.php(499): CodeIgniter\CodeIgniter->runController(Object(App\Controllers\API\ClientController))
10 SYSTEMPATH\CodeIgniter.php(368): CodeIgniter\CodeIgniter->handleRequest(null, Object(Config\Cache), false)
11 FCPATH\index.php(67): CodeIgniter\CodeIgniter->run()
